{"level":"error","message":"TypeError: (0 , _rimraf.default) is not a function"}
{"level":"info","message":"Test Case Started : Login to Sauce DEMO page."}
{"level":"info","message":"Executing Step : Navigate to the application"}
{"level":"info","message":"Executing Step : Log in to the application"}
{"level":"info","message":"Test Case Completed : Login to Sauce DEMO page. Status : failed"}
{"level":"info","message":"Test Case Started : Login to Sauce DEMO page."}
{"level":"info","message":"Test Case Started : Login to Sauce DEMO page."}
{"level":"info","message":"Test Case Completed : Login to Sauce DEMO page. Status : failed"}
{"level":"info","message":"Test Case Started : Login to Sauce DEMO page."}
{"level":"info","message":"Test Case Started : Login to Sauce DEMO page."}
{"level":"info","message":"Test Case Started : Login to Sauce DEMO page."}
{"level":"info","message":"Executing Step : Navigate to the application"}
{"level":"info","message":"Executing Step : Navigate to the application"}
{"level":"info","message":"Executing Step : Log in to the application"}
{"level":"info","message":"Executing Step : Navigate to the application"}
{"level":"info","message":"Executing Step : Navigate to the application"}
{"level":"info","message":"Executing Step : Log in to the application"}
{"level":"info","message":"Executing Step : Log in to the application"}
{"level":"info","message":"Executing Step : Log in to the application"}
{"level":"info","message":"Test Case Completed : Login to Sauce DEMO page. Status : failed"}
{"level":"info","message":"Test Case Started : Login to Sauce DEMO page."}
{"level":"info","message":"Test Case Completed : Login to Sauce DEMO page. Status : failed"}
{"level":"info","message":"Executing Step : Navigate to the application"}
{"level":"info","message":"Test Case Completed : Login to Sauce DEMO page. Status : failed"}
{"level":"info","message":"Test Case Completed : Login to Sauce DEMO page. Status : failed"}
{"level":"info","message":"Test Case Started : Login to Sauce DEMO page."}
{"level":"info","message":"Executing Step : Navigate to the application"}
{"level":"info","message":"Test Case Started : Login to Sauce DEMO page."}
{"level":"info","message":"Executing Step : Log in to the application"}
{"level":"info","message":"Executing Step : Navigate to the application"}
{"level":"info","message":"Executing Step : Log in to the application"}
{"level":"info","message":"Executing Step : Log in to the application"}
{"level":"info","message":"Test Case Completed : Login to Sauce DEMO page. Status : failed"}
{"level":"info","message":"Test Case Completed : Login to Sauce DEMO page. Status : failed"}
{"level":"info","message":"Test Case Completed : Login to Sauce DEMO page. Status : failed"}
{"level":"info","message":"Test Case Started : Login to Sauce DEMO page."}
{"level":"info","message":"Test Case Started : Login to Sauce DEMO page."}
{"level":"info","message":"Test Case Started : Login to Sauce DEMO page."}
{"level":"info","message":"Executing Step : Navigate to the application"}
{"level":"info","message":"Executing Step : Navigate to the application"}
{"level":"info","message":"Executing Step : Navigate to the application"}
{"level":"info","message":"Executing Step : Log in to the application"}
{"level":"info","message":"Test Case Completed : Login to Sauce DEMO page. Status : passed"}
{"level":"info","message":"Executing Step : Log in to the application"}
{"level":"info","message":"Executing Step : Log in to the application"}
{"level":"info","message":"Test Case Completed : Login to Sauce DEMO page. Status : passed"}
{"level":"info","message":"Test Case Completed : Login to Sauce DEMO page. Status : passed"}
{"level":"info","message":"Test Case Started : Login to Sauce DEMO page."}
{"level":"info","message":"Test Case Started : Login to Sauce DEMO page."}
{"level":"info","message":"Test Case Started : Login to Sauce DEMO page."}
{"level":"info","message":"Executing Step : Navigate to the application"}
{"level":"info","message":"Executing Step : Navigate to the application"}
{"level":"info","message":"Executing Step : Navigate to the application"}
{"level":"info","message":"Executing Step : Log in to the application"}
{"level":"info","message":"Executing Step : Log in to the application"}
{"level":"info","message":"Test Case Completed : Login to Sauce DEMO page. Status : passed"}
{"level":"info","message":"Test Case Completed : Login to Sauce DEMO page. Status : passed"}
{"level":"info","message":"Executing Step : Log in to the application"}
{"level":"info","message":"Test Case Completed : Login to Sauce DEMO page. Status : passed"}
{"level":"info","message":"Test Case Started : Login to Sauce DEMO page."}
{"level":"info","message":"Executing Step : Navigate to the application"}
{"level":"info","message":"Executing Step : Log in to the application"}
{"level":"info","message":"Test Case Completed : Login to Sauce DEMO page. Status : passed"}
{"level":"info","message":"Test Case Started : Login to Sauce DEMO page."}
{"level":"info","message":"Executing Step : Navigate to the application"}
{"level":"info","message":"Executing Step : Log in to the application"}
{"level":"info","message":"Test Case Completed : Login to Sauce DEMO page. Status : passed"}
{"level":"info","message":"Test Case Started : Login to Sauce DEMO page."}
{"level":"info","message":"Executing Step : Navigate to the application"}
{"level":"info","message":"Executing Step : Log in to the application"}
{"level":"info","message":"Test Case Completed : Login to Sauce DEMO page. Status : passed"}
{"level":"info","message":"Test Case Started : Login to Sauce DEMO page."}
{"level":"info","message":"Executing Step : Navigate to the application"}
{"level":"info","message":"Executing Step : Log in to the application"}
{"level":"info","message":"Test Case Completed : Login to Sauce DEMO page. Status : passed"}
